<?xml version="1.0" encoding="UTF-8"?>
<!-- Generated by org.testng.reporters.JUnitReportReporter -->
<testsuite hostname="DESKTOP-48BRRC2" failures="0" tests="1" name="autoproschool.testclass.TC02SignupFunctionality" time="74.463" errors="0" timestamp="2024-04-24T18:13:39 IST" skipped="0">
  <testcase classname="autoproschool.testclass.TC02SignupFunctionality" name="Signupfuctionality" time="74.463"/>
  <system-out/>
</testsuite> <!-- autoproschool.testclass.TC02SignupFunctionality -->
