<?xml version="1.0" encoding="UTF-8"?>
<!-- Generated by org.testng.reporters.JUnitReportReporter -->
<testsuite hostname="DESKTOP-48BRRC2" failures="0" tests="1" name="srdsai.testclass.TC_15verifyStudentloginFunctionality" time="6.216" errors="0" timestamp="2024-05-02T18:54:24 IST" skipped="0">
  <testcase classname="srdsai.testclass.TC_15verifyStudentloginFunctionality" name="verifyStudentloginFunctionality" time="6.216"/>
  <system-out/>
</testsuite> <!-- srdsai.testclass.TC_15verifyStudentloginFunctionality -->
