<?xml version="1.0" encoding="UTF-8"?>
<!-- Generated by org.testng.reporters.JUnitReportReporter -->
<testsuite hostname="DESKTOP-48BRRC2" failures="0" tests="1" name="autoproschool.testclass.TC17verifyStudentCreateProfileFunctionality" time="77.982" errors="0" timestamp="2024-04-25T14:02:15 IST" skipped="0">
  <testcase classname="autoproschool.testclass.TC17verifyStudentCreateProfileFunctionality" name="verifyStudentCreateProfileFunctionality" time="77.982"/>
  <system-out/>
</testsuite> <!-- autoproschool.testclass.TC17verifyStudentCreateProfileFunctionality -->
