<?xml version="1.0" encoding="UTF-8"?>
<!-- Generated by org.testng.reporters.JUnitReportReporter -->
<testsuite hostname="DESKTOP-48BRRC2" failures="0" tests="1" name="autoproschool.testclass.TC13verifyInactivetoactivecourse" time="13.070" errors="0" timestamp="2024-04-24T18:27:26 IST" skipped="0">
  <testcase classname="autoproschool.testclass.TC13verifyInactivetoactivecourse" name="verifyInactivetoactivecourse" time="13.070"/>
  <system-out/>
</testsuite> <!-- autoproschool.testclass.TC13verifyInactivetoactivecourse -->
