<?xml version="1.0" encoding="UTF-8"?>
<!-- Generated by org.testng.reporters.JUnitReportReporter -->
<testsuite hostname="DESKTOP-48BRRC2" failures="0" tests="1" name="autoproschool.testclass.TC07VerifyAnalyticsForAssignment" time="20.798" errors="0" timestamp="2024-04-30T11:46:38 IST" skipped="0">
  <testcase classname="autoproschool.testclass.TC07VerifyAnalyticsForAssignment" name="VerifyAnalyticsForAssignment" time="20.798"/>
  <system-out/>
</testsuite> <!-- autoproschool.testclass.TC07VerifyAnalyticsForAssignment -->
