<?xml version="1.0" encoding="UTF-8"?>
<!-- Generated by org.testng.reporters.JUnitReportReporter -->
<testsuite hostname="DESKTOP-48BRRC2" failures="0" tests="1" name="autoproschool.testclass.TC04CreateCoursePageFunctionality" time="78.630" errors="0" timestamp="2024-04-24T18:20:54 IST" skipped="0">
  <testcase classname="autoproschool.testclass.TC04CreateCoursePageFunctionality" name="CreateCoursePageFunctionality" time="78.630"/>
  <system-out/>
</testsuite> <!-- autoproschool.testclass.TC04CreateCoursePageFunctionality -->
