<?xml version="1.0" encoding="UTF-8"?>
<!-- Generated by org.testng.reporters.JUnitReportReporter -->
<testsuite hostname="DESKTOP-48BRRC2" failures="0" tests="1" name="srdsai.testclass.TC_16verifySignupFunctionality" time="33.800" errors="0" timestamp="2024-05-02T19:19:59 IST" skipped="0">
  <testcase classname="srdsai.testclass.TC_16verifySignupFunctionality" name="verifySignupFunctionality" time="33.800"/>
  <system-out/>
</testsuite> <!-- srdsai.testclass.TC_16verifySignupFunctionality -->
