<?xml version="1.0" encoding="UTF-8"?>
<!-- Generated by org.testng.reporters.JUnitReportReporter -->
<testsuite hostname="DESKTOP-48BRRC2" failures="0" tests="1" name="autoproschool.testclass.TC15verifyloginFuncationalityforStudent" time="13.034" errors="0" timestamp="2024-04-23T15:55:45 IST" skipped="0">
  <testcase classname="autoproschool.testclass.TC15verifyloginFuncationalityforStudent" name="verifyloginFuncationalityforStudent" time="13.034"/>
  <system-out/>
</testsuite> <!-- autoproschool.testclass.TC15verifyloginFuncationalityforStudent -->
