<?xml version="1.0" encoding="UTF-8"?>
<!-- Generated by org.testng.reporters.JUnitReportReporter -->
<testsuite hostname="DESKTOP-48BRRC2" failures="0" tests="1" name="autoproschool.testclass.TC16verifyStudentSignupFunctinality" time="35.864" errors="0" timestamp="2024-04-24T11:38:12 IST" skipped="0">
  <testcase classname="autoproschool.testclass.TC16verifyStudentSignupFunctinality" name="verifyStudentSignupFunctinality" time="35.864"/>
  <system-out/>
</testsuite> <!-- autoproschool.testclass.TC16verifyStudentSignupFunctinality -->
