<?xml version="1.0" encoding="UTF-8"?>
<!-- Generated by org.testng.reporters.JUnitReportReporter -->
<testsuite hostname="DESKTOP-48BRRC2" failures="0" tests="1" name="autoproschool.testclass.TC11LogoutFucntinality" time="29.296" errors="0" timestamp="2024-04-19T19:48:51 IST" skipped="0">
  <testcase classname="autoproschool.testclass.TC11LogoutFucntinality" name="Verifylogoutfunctionality" time="29.296"/>
  <system-out/>
</testsuite> <!-- autoproschool.testclass.TC11LogoutFucntinality -->
