<?xml version="1.0" encoding="UTF-8"?>
<!-- Generated by org.testng.reporters.JUnitReportReporter -->
<testsuite hostname="DESKTOP-48BRRC2" failures="0" tests="1" name="autoproschool.testclass.TC02LoginFunctionality" time="31.438" errors="0" timestamp="2024-05-04T12:19:38 IST" skipped="0">
  <testcase classname="autoproschool.testclass.TC02LoginFunctionality" name="VeriyingFunctionality" time="31.438"/>
  <system-out/>
</testsuite> <!-- autoproschool.testclass.TC02LoginFunctionality -->
