<?xml version="1.0" encoding="UTF-8"?>
<!-- Generated by org.testng.reporters.JUnitReportReporter -->
<testsuite hostname="DESKTOP-48BRRC2" failures="0" tests="1" name="autoproschool.testclass.TC12verifyActiveToInactivecourse" time="8.953" errors="0" timestamp="2024-04-24T18:25:12 IST" skipped="0">
  <testcase classname="autoproschool.testclass.TC12verifyActiveToInactivecourse" name="verifyActiveToInactivecourse" time="8.953"/>
  <system-out/>
</testsuite> <!-- autoproschool.testclass.TC12verifyActiveToInactivecourse -->
