<?xml version="1.0" encoding="UTF-8"?>
<!-- Generated by org.testng.reporters.JUnitReportReporter -->
<testsuite hostname="DESKTOP-48BRRC2" failures="0" tests="1" name="autoproschool.testclass.TC08TeacherProfileEditing" time="9.608" errors="0" timestamp="2024-04-24T18:30:27 IST" skipped="0">
  <testcase classname="autoproschool.testclass.TC08TeacherProfileEditing" name="VerifyTeacherProfileEditing" time="9.608"/>
  <system-out/>
</testsuite> <!-- autoproschool.testclass.TC08TeacherProfileEditing -->
