<?xml version="1.0" encoding="UTF-8"?>
<!-- Generated by org.testng.reporters.JUnitReportReporter -->
<testsuite hostname="DESKTOP-48BRRC2" failures="0" tests="1" name="srdsai.testclass.TC_03verifySetupProfileFunctionality" time="88.676" errors="0" timestamp="2024-04-29T10:33:07 IST" skipped="0">
  <testcase classname="srdsai.testclass.TC_03verifySetupProfileFunctionality" name="verifySetupProfileFunctionality" time="88.676"/>
  <system-out/>
</testsuite> <!-- srdsai.testclass.TC_03verifySetupProfileFunctionality -->
