<?xml version="1.0" encoding="UTF-8"?>
<!-- Generated by org.testng.reporters.JUnitReportReporter -->
<testsuite hostname="DESKTOP-48BRRC2" failures="0" tests="1" name="srdsai.testclass.TC_02verifySigupFunctionality" time="32.981" errors="0" timestamp="2024-04-26T14:31:37 IST" skipped="0">
  <testcase classname="srdsai.testclass.TC_02verifySigupFunctionality" name="verifySigupFunctionality" time="32.981"/>
  <system-out/>
</testsuite> <!-- srdsai.testclass.TC_02verifySigupFunctionality -->
