<?xml version="1.0" encoding="UTF-8"?>
<!-- Generated by org.testng.reporters.JUnitReportReporter -->
<testsuite hostname="DESKTOP-48BRRC2" failures="0" tests="1" name="srdsai.testclass.TC_14verifyAiAssitantEditingProfile" time="8.623" errors="0" timestamp="2024-04-30T15:53:57 IST" skipped="0">
  <testcase classname="srdsai.testclass.TC_14verifyAiAssitantEditingProfile" name="verifyAiAssitantEditingProfile" time="8.623"/>
  <system-out/>
</testsuite> <!-- srdsai.testclass.TC_14verifyAiAssitantEditingProfile -->
