<?xml version="1.0" encoding="UTF-8"?>
<!-- Generated by org.testng.reporters.JUnitReportReporter -->
<testsuite hostname="DESKTOP-48BRRC2" failures="0" tests="1" name="autoproschool.testclass.TC14verifyInviteCourseforStudent" time="17.376" errors="0" timestamp="2024-04-24T18:28:20 IST" skipped="0">
  <testcase classname="autoproschool.testclass.TC14verifyInviteCourseforStudent" name="verifyInviteCourseforStudent" time="17.376"/>
  <system-out/>
</testsuite> <!-- autoproschool.testclass.TC14verifyInviteCourseforStudent -->
