<?xml version="1.0" encoding="UTF-8"?>
<!-- Generated by org.testng.reporters.JUnitReportReporter -->
<testsuite hostname="DESKTOP-48BRRC2" failures="0" tests="1" name="srdsai.testclass.TC_04verifyFileUploading" time="169.744" errors="0" timestamp="2024-04-29T11:03:26 IST" skipped="0">
  <testcase classname="srdsai.testclass.TC_04verifyFileUploading" name="verifyFileUploading" time="169.744"/>
  <system-out/>
</testsuite> <!-- srdsai.testclass.TC_04verifyFileUploading -->
