<?xml version="1.0" encoding="UTF-8"?>
<!-- Generated by org.testng.reporters.JUnitReportReporter -->
<testsuite hostname="DESKTOP-48BRRC2" failures="0" tests="1" name="autoproschool.testclass.TC06VerifyAnalyticsForLesson" time="13.547" errors="0" timestamp="2024-04-24T17:10:33 IST" skipped="0">
  <testcase classname="autoproschool.testclass.TC06VerifyAnalyticsForLesson" name="VerifyAnalyticsforLessonFunctionality" time="13.547"/>
  <system-out/>
</testsuite> <!-- autoproschool.testclass.TC06VerifyAnalyticsForLesson -->
